
[Mon, 09 Nov 2020 09:30:42 GMT] - INFO -  [+] URL: [ 'amqp://rabbitmq' ]
[Mon, 09 Nov 2020 10:00:09 GMT] - INFO -  [+] URL: [ 'amqp://rabbitmq' ]
[Mon, 09 Nov 2020 10:53:53 GMT] - INFO -  [+] URL: [ 'amqp://rabbitmq' ]
[Mon, 09 Nov 2020 11:10:42 GMT] - INFO -  [+] URL: [ 'amqp://rabbitmq' ]
[Mon, 09 Nov 2020 11:12:36 GMT] - INFO -  [+] URL: [ 'amqp://rabbitmq' ]
[Mon, 09 Nov 2020 11:14:11 GMT] - INFO -  [+] URL: [ 'amqp://rabbitmq' ]
[Mon, 09 Nov 2020 12:24:00 GMT] - INFO -  [+] URL: [ 'amqp://rabbitmq' ]
[Mon, 09 Nov 2020 12:40:51 GMT] - INFO -  [+] URL: [ 'amqp://rabbitmq' ]
[Mon, 09 Nov 2020 13:22:24 GMT] - INFO -  [+] URL: [ 'amqp://rabbitmq' ]
[Tue, 15 Dec 2020 17:47:22 GMT] - INFO -  [+] URL: [ 'amqp://rabbitmq' ]
[Tue, 15 Dec 2020 17:47:23 GMT] - INFO -  [DHCP] - [ 'Listening67' ]
[Tue, 15 Dec 2020 17:49:08 GMT] - INFO -  [+] URL: [ 'amqp://rabbitmq' ]
[Tue, 15 Dec 2020 17:50:50 GMT] - INFO -  [+] URL: [ 'amqp://rabbitmq' ]
[Tue, 15 Dec 2020 17:53:58 GMT] - INFO -  [+] URL: [ 'amqp://rabbitmq' ]
[Tue, 15 Dec 2020 17:55:44 GMT] - INFO -  [+] URL: [ 'amqp://rabbitmq' ]
[Tue, 15 Dec 2020 17:57:12 GMT] - INFO -  [+] URL: [ 'amqp://rabbitmq' ]
[Tue, 15 Dec 2020 17:58:22 GMT] - INFO -  [+] URL: [ 'amqp://rabbitmq' ]
[Tue, 15 Dec 2020 18:08:32 GMT] - INFO -  [+] URL: [ 'amqp://rabbitmq' ]
[Tue, 15 Dec 2020 22:16:38 GMT] - INFO -  [+] URL: [ 'amqp://rabbitmq' ]
[Tue, 15 Dec 2020 22:18:29 GMT] - INFO -  [DHCP] - [ 'Listening:67' ]
[Tue, 15 Dec 2020 22:25:22 GMT] - INFO -  [+] URL: [ 'amqp://rabbitmq' ]
[Tue, 15 Dec 2020 22:25:44 GMT] - INFO -  [DHCP] - [ 'Listening:67' ]
[Wed, 16 Dec 2020 09:25:17 GMT] - INFO -  [+] URL: [ 'amqp://rabbitmq' ]
[Wed, 16 Dec 2020 09:25:18 GMT] - INFO -  [DHCP] - [ 'Listening on port 67' ]
[Wed, 16 Dec 2020 12:33:16 GMT] - INFO -  [+] URL: [ 'amqp://rabbitmq' ]
[Wed, 16 Dec 2020 12:33:17 GMT] - INFO -  [DHCP] - [ 'Listening on port 67' ]
[Wed, 16 Dec 2020 13:03:39 GMT] - INFO -  [+] URL: [ 'amqp://rabbitmq' ]
[Wed, 16 Dec 2020 13:03:39 GMT] - INFO -  [DHCP] - [ 'Listening on port 67' ]
